Fri 22 Mar 2024 08:17:09 PM UTC: 
 tests:  0|5
total_score: 0/70
594c42d
Fri 22 Mar 2024 08:18:52 PM UTC: 
 exercises.c | 4 ++++
 1 file changed, 4 insertions(+)
 tests:  0|5
total_score: 0/70
f4da40c
Fri 22 Mar 2024 08:19:28 PM UTC: 
 exercises.c | 2 +-
 1 file changed, 1 insertion(+), 1 deletion(-)
In file included from test.c:5:
exercises.c: In function ‘crea_lista’:
exercises.c:48:19: error: passing argument 2 of ‘pushBack’ makes pointer from integer without a cast [-Werror=int-conversion]
   48 |       pushBack(L, i);
      |                   ^
      |                   |
      |                   int
In file included from exercises.c:6,
                 from test.c:5:
arraylist.h:20:30: note: expected ‘void *’ but argument is of type ‘int’
   20 | void pushBack(List *L, void *dato);
      |                        ~~~~~~^~~~
cc1: all warnings being treated as errors
Compilation failed
fed5e16
Fri 22 Mar 2024 08:20:33 PM UTC: 
 exercises.c | 4 +++-
 1 file changed, 3 insertions(+), 1 deletion(-)
 tests:  0|5
total_score: 0/70
5cd8cb8
Fri 22 Mar 2024 08:21:41 PM UTC: 
 exercises.c | 3 +--
 1 file changed, 1 insertion(+), 2 deletions(-)
 tests:  0|5
total_score: 0/70
0aea254
Fri 22 Mar 2024 08:22:21 PM UTC: 
 exercises.c | 3 ++-
 1 file changed, 2 insertions(+), 1 deletion(-)
 tests:  0|5
total_score: 0/70
e6761c4
Fri 22 Mar 2024 08:22:47 PM UTC: 
 exercises.c | 3 +--
 1 file changed, 1 insertion(+), 2 deletions(-)
In file included from test.c:5:
exercises.c: In function ‘crea_lista’:
exercises.c:49:13: error: invalid type argument of unary ‘*’ (have ‘int’)
   49 |     push(L, *i);
      |             ^~
Compilation failed
4c581ea
Fri 22 Mar 2024 08:23:06 PM UTC: 
 exercises.c | 2 +-
 1 file changed, 1 insertion(+), 1 deletion(-)
In file included from test.c:5:
exercises.c: In function ‘crea_lista’:
exercises.c:49:13: error: passing argument 2 of ‘push’ makes pointer from integer without a cast [-Werror=int-conversion]
   49 |     push(L, i);
      |             ^
      |             |
      |             int
In file included from exercises.c:7,
                 from test.c:5:
stack.h:11:31: note: expected ‘void *’ but argument is of type ‘int’
   11 | void push(Stack *stack, void *data) { pushFront(stack, data); }
      |                         ~~~~~~^~~~
cc1: all warnings being treated as errors
Compilation failed
94be07b
Fri 22 Mar 2024 08:24:02 PM UTC: 
 exercises.c | 2 +-
 1 file changed, 1 insertion(+), 1 deletion(-)
In file included from test.c:5:
exercises.c: In function ‘crea_lista’:
exercises.c:49:17: error: invalid type argument of unary ‘*’ (have ‘int’)
   49 |     pushBack(L, *i);
      |                 ^~
Compilation failed
7b25a0c
Fri 22 Mar 2024 08:24:07 PM UTC: 
 exercises.c | 2 +-
 1 file changed, 1 insertion(+), 1 deletion(-)
 tests:  1|4
total_score: 10/70
50ec9bc
Fri 22 Mar 2024 08:24:20 PM UTC: 
 exercises.c | 2 +-
 1 file changed, 1 insertion(+), 1 deletion(-)
In file included from test.c:5:
exercises.c: In function ‘crea_lista’:
exercises.c:49:17: error: invalid type argument of unary ‘*’ (have ‘int’)
   49 |     pushBack(L, *i);
      |                 ^~
Compilation failed
cb16dfc
Fri 22 Mar 2024 08:24:26 PM UTC: 
 exercises.c | 2 +-
 1 file changed, 1 insertion(+), 1 deletion(-)
In file included from test.c:5:
exercises.c: In function ‘crea_lista’:
exercises.c:49:17: error: passing argument 2 of ‘pushBack’ makes pointer from integer without a cast [-Werror=int-conversion]
   49 |     pushBack(L, i);
      |                 ^
      |                 |
      |                 int
In file included from exercises.c:6,
                 from test.c:5:
arraylist.h:20:30: note: expected ‘void *’ but argument is of type ‘int’
   20 | void pushBack(List *L, void *dato);
      |                        ~~~~~~^~~~
cc1: all warnings being treated as errors
Compilation failed
45f12ad
Fri 22 Mar 2024 08:24:48 PM UTC: 
 exercises.c | 2 +-
 1 file changed, 1 insertion(+), 1 deletion(-)
In file included from test.c:5:
exercises.c: In function ‘crea_lista’:
exercises.c:49:17: error: passing argument 2 of ‘pushBack’ makes pointer from integer without a cast [-Werror=int-conversion]
   49 |     pushBack(L, 1);
      |                 ^
      |                 |
      |                 int
In file included from exercises.c:6,
                 from test.c:5:
arraylist.h:20:30: note: expected ‘void *’ but argument is of type ‘int’
   20 | void pushBack(List *L, void *dato);
      |                        ~~~~~~^~~~
cc1: all warnings being treated as errors
Compilation failed
e5bca25
Fri 22 Mar 2024 08:25:27 PM UTC: 
 exercises.c | 2 +-
 1 file changed, 1 insertion(+), 1 deletion(-)
In file included from test.c:5:
exercises.c: In function ‘crea_lista’:
exercises.c:49:20: error: array subscript -10 is outside array bounds of ‘int[1]’ [-Werror=array-bounds]
   49 |     pushBack(L, &i - 10);
      |                 ~~~^~~~
exercises.c:47:11: note: while referencing ‘i’
   47 |   for(int i = 1; i <= 10; i++)
      |           ^
cc1: all warnings being treated as errors
Compilation failed
2057b84
Fri 22 Mar 2024 08:27:20 PM UTC: 
 exercises.c | 4 +++-
 1 file changed, 3 insertions(+), 1 deletion(-)
 tests:  0|5
total_score: 0/70
844f0bb
Fri 22 Mar 2024 08:28:47 PM UTC: 
 exercises.c | 4 +---
 1 file changed, 1 insertion(+), 3 deletions(-)
In file included from test.c:5:
exercises.c: In function ‘crea_lista’:
exercises.c:49:17: error: invalid type argument of unary ‘*’ (have ‘int’)
   49 |     pushBack(L, *i);
      |                 ^~
Compilation failed
de03602
Fri 22 Mar 2024 08:30:44 PM UTC: 
 exercises.c | 4 +++-
 1 file changed, 3 insertions(+), 1 deletion(-)
 tests:  1|4
total_score: 10/70
ca564f3
Fri 22 Mar 2024 08:34:08 PM UTC: 
 exercises.c | 10 ++++++++--
 1 file changed, 8 insertions(+), 2 deletions(-)
In file included from test.c:5:
exercises.c: In function ‘sumaLista’:
exercises.c:66:16: error: invalid use of undefined type ‘struct List’
   66 |       suma += L[i];
      |                ^
exercises.c:66:15: error: invalid use of incomplete typedef ‘List’
   66 |       suma += L[i];
      |               ^
Compilation failed
b4f54b7
Fri 22 Mar 2024 08:34:41 PM UTC: 
 exercises.c | 2 +-
 1 file changed, 1 insertion(+), 1 deletion(-)
In file included from test.c:5:
exercises.c: In function ‘sumaLista’:
exercises.c:66:24: error: invalid use of undefined type ‘struct List’
   66 |       suma += *(int*)(L[i]);
      |                        ^
exercises.c:66:22: error: invalid use of incomplete typedef ‘List’
   66 |       suma += *(int*)(L[i]);
      |                      ^
Compilation failed
5c58b15
Fri 22 Mar 2024 08:35:05 PM UTC: 
 exercises.c | 2 +-
 1 file changed, 1 insertion(+), 1 deletion(-)
In file included from test.c:5:
exercises.c: In function ‘sumaLista’:
exercises.c:66:17: error: invalid use of undefined type ‘struct List’
   66 |       suma += *L[i];
      |                 ^
exercises.c:66:16: error: invalid use of incomplete typedef ‘List’
   66 |       suma += *L[i];
      |                ^
Compilation failed
6cfed71
Fri 22 Mar 2024 08:37:03 PM UTC: 
 exercises.c | 2 +-
 1 file changed, 1 insertion(+), 1 deletion(-)
In file included from test.c:5:
exercises.c: In function ‘sumaLista’:
exercises.c:66:24: error: invalid use of incomplete typedef ‘List’
   66 |       suma += *((int*)L->array[i]);
      |                        ^~
Compilation failed
12f3acb
Fri 22 Mar 2024 08:37:10 PM UTC: 
 exercises.c | 2 +-
 1 file changed, 1 insertion(+), 1 deletion(-)
In file included from test.c:5:
exercises.c: In function ‘sumaLista’:
exercises.c:66:24: error: ‘L’ is a pointer; did you mean to use ‘->’?
   66 |       suma += *((int*)L.array[i]);
      |                        ^
      |                        ->
Compilation failed
8862247
Fri 22 Mar 2024 08:40:21 PM UTC: 
 exercises.c | 5 +++--
 1 file changed, 3 insertions(+), 2 deletions(-)
 tests:  1|4
total_score: 10/70
3bb698e
Fri 22 Mar 2024 08:41:00 PM UTC: 
 exercises.c | 2 +-
 1 file changed, 1 insertion(+), 1 deletion(-)
 tests:  2|3
total_score: 20/70
685187b
Fri 22 Mar 2024 08:49:10 PM UTC: 
 exercises.c | 9 +++++++--
 1 file changed, 7 insertions(+), 2 deletions(-)
In file included from test.c:5:
exercises.c: In function ‘eliminaElementos’:
exercises.c:85:10: error: invalid use of incomplete typedef ‘List’
   85 |       if(*L == elem) popCurrent(L);
      |          ^
Compilation failed
2a2c612
Fri 22 Mar 2024 08:49:16 PM UTC: 
 exercises.c | 2 +-
 1 file changed, 1 insertion(+), 1 deletion(-)
In file included from test.c:5:
exercises.c: In function ‘eliminaElementos’:
exercises.c:85:12: error: comparison between pointer and integer [-Werror]
   85 |       if(L == elem) popCurrent(L);
      |            ^~
cc1: all warnings being treated as errors
Compilation failed
9674961
Fri 22 Mar 2024 08:53:43 PM UTC: 
 exercises.c | 9 ++++++++-
 1 file changed, 8 insertions(+), 1 deletion(-)
In file included from test.c:5:
exercises.c: In function ‘eliminaElementos’:
exercises.c:85:30: error: called object ‘current’ is not a function or function pointer
   85 |         int *current = (int*)current(L);
      |                              ^~~~~~~
exercises.c:85:14: note: declared here
   85 |         int *current = (int*)current(L);
      |              ^~~~~~~
Compilation failed
eb6f203
Fri 22 Mar 2024 09:10:01 PM UTC: 
 exercises.c | 24 +++++++++++-------------
 1 file changed, 11 insertions(+), 13 deletions(-)
 tests:  2|3
total_score: 20/70
889a455
Fri 22 Mar 2024 09:13:09 PM UTC: 
 exercises.c | 2 ++
 1 file changed, 2 insertions(+)
In file included from test.c:5:
exercises.c: In function ‘eliminaElementos’:
exercises.c:83:8: error: unused variable ‘dato’ [-Werror=unused-variable]
   83 |   int *dato = first(L);
      |        ^~~~
cc1: all warnings being treated as errors
Compilation failed
72ba824
Fri 22 Mar 2024 09:13:49 PM UTC: 
 exercises.c | 6 +++++-
 1 file changed, 5 insertions(+), 1 deletion(-)
 tests:  3|2
total_score: 40/70
cf51aa9
Fri 22 Mar 2024 09:15:27 PM UTC: 
 exercises.c | 3 ++-
 1 file changed, 2 insertions(+), 1 deletion(-)
 tests:  3|2
total_score: 40/70
4e928a5
Fri 22 Mar 2024 09:16:05 PM UTC: 
 exercises.c | 2 +-
 1 file changed, 1 insertion(+), 1 deletion(-)
 tests:  4|1
total_score: 50/70
a6e7be1
Fri 22 Mar 2024 09:24:15 PM UTC: 
 exercises.c | 16 ++++++++++++++++
 1 file changed, 16 insertions(+)
In file included from test.c:5:
exercises.c: In function ‘parentesisBalanceados’:
exercises.c:126:11: error: implicit declaration of function ‘isEmpty’ [-Werror=implicit-function-declaration]
  126 |       if (isEmpty(stack)) {
      |           ^~~~~~~
cc1: all warnings being treated as errors
Compilation failed
93879c1
Fri 22 Mar 2024 09:25:00 PM UTC: 
 exercises.c | 4 ++--
 1 file changed, 2 insertions(+), 2 deletions(-)
 tests:  4|1
total_score: 50/70
b855cb9
Fri 22 Mar 2024 09:26:36 PM UTC: 
 exercises.c | 30 +++++++++++++++++++++---------
 1 file changed, 21 insertions(+), 9 deletions(-)
In file included from test.c:5:
exercises.c: In function ‘parentesisBalanceados’:
exercises.c:132:13: error: implicit declaration of function ‘isEmpty’ [-Werror=implicit-function-declaration]
  132 |         if (isEmpty(stack))
      |             ^~~~~~~
cc1: all warnings being treated as errors
Compilation failed
53dc756
Fri 22 Mar 2024 09:27:07 PM UTC: 
 exercises.c | 4 ++--
 1 file changed, 2 insertions(+), 2 deletions(-)
 tests:  4|1
total_score: 50/70
5a56007
Fri 22 Mar 2024 09:31:36 PM UTC: 
 exercises.c | 28 +++++++---------------------
 1 file changed, 7 insertions(+), 21 deletions(-)
In file included from test.c:5:
exercises.c: In function ‘parentesisBalanceados’:
exercises.c:135:1: error: control reaches end of non-void function [-Werror=return-type]
  135 | }
      | ^
cc1: all warnings being treated as errors
Compilation failed
4f7a210
Fri 22 Mar 2024 09:32:03 PM UTC: 
 exercises.c | 1 +
 1 file changed, 1 insertion(+)
 tests:  4|1
total_score: 50/70
8f302e6
Fri 22 Mar 2024 09:41:28 PM UTC: 
 exercises.c | 4 ++--
 1 file changed, 2 insertions(+), 2 deletions(-)
 tests:  0|0
a3193c1
Fri 22 Mar 2024 09:42:27 PM UTC: 
 exercises.c | 4 ++--
 1 file changed, 2 insertions(+), 2 deletions(-)
 tests:  4|1
total_score: 50/70
e8cd901
Fri 22 Mar 2024 09:42:42 PM UTC: 
 exercises.c | 2 +-
 1 file changed, 1 insertion(+), 1 deletion(-)
 tests:  5|1
total_score: 50/70
276f6b8
Fri 22 Mar 2024 09:45:00 PM UTC: 
 exercises.c | 2 +-
 1 file changed, 1 insertion(+), 1 deletion(-)
 tests:  4|1
total_score: 50/70
5e99caf
Fri 22 Mar 2024 09:45:13 PM UTC: 
 exercises.c | 2 +-
 1 file changed, 1 insertion(+), 1 deletion(-)
 tests:  5|1
total_score: 50/70
bb9e00d
Fri 22 Mar 2024 09:46:32 PM UTC: 
 exercises.c | 1 +
 1 file changed, 1 insertion(+)
 tests:  5|1
total_score: 50/70
ca88c6f
Fri 22 Mar 2024 09:50:23 PM UTC: 
 exercises.c | 8 ++++----
 1 file changed, 4 insertions(+), 4 deletions(-)
In file included from test.c:5:
exercises.c: In function ‘parentesisBalanceados’:
exercises.c:132:23: error: comparison between pointer and integer [-Werror]
  132 |         if (top(pila) == '(') pop(pila);
      |                       ^~
cc1: all warnings being treated as errors
Compilation failed
c91dafd
Fri 22 Mar 2024 09:52:29 PM UTC: 
 exercises.c | 4 ++--
 1 file changed, 2 insertions(+), 2 deletions(-)
In file included from test.c:5:
exercises.c: In function ‘parentesisBalanceados’:
exercises.c:132:23: error: comparison between pointer and integer [-Werror]
  132 |         if (top(pila) == '(') pop(pila);
      |                       ^~
cc1: all warnings being treated as errors
Compilation failed
d00ef01
Fri 22 Mar 2024 09:54:38 PM UTC: 
 exercises.c | 4 ++--
 1 file changed, 2 insertions(+), 2 deletions(-)
In file included from test.c:5:
exercises.c: In function ‘parentesisBalanceados’:
exercises.c:132:23: error: comparison between pointer and integer [-Werror]
  132 |         if (top(pila) == '(') pop(pila);
      |                       ^~
cc1: all warnings being treated as errors
Compilation failed
354af42
Fri 22 Mar 2024 09:55:16 PM UTC: 
 exercises.c | 2 +-
 1 file changed, 1 insertion(+), 1 deletion(-)
 tests:  5|1
total_score: 50/70
5e3f2e7
Fri 22 Mar 2024 09:55:38 PM UTC: 
 exercises.c | 2 +-
 1 file changed, 1 insertion(+), 1 deletion(-)
 tests:  4|1
total_score: 50/70
6eb4413
Fri 22 Mar 2024 09:56:54 PM UTC: 
 exercises.c | 10 ++++++++++
 1 file changed, 10 insertions(+)
 tests:  4|1
total_score: 50/70
fcb60d0
Fri 22 Mar 2024 09:58:06 PM UTC: 
 exercises.c | 3 +++
 1 file changed, 3 insertions(+)
 tests:  4|1
total_score: 50/70
de51fb9
Fri 22 Mar 2024 09:58:29 PM UTC: 
 exercises.c | 1 +
 1 file changed, 1 insertion(+)
 tests:  5|1
total_score: 50/70
f922cfb
Fri 22 Mar 2024 10:00:00 PM UTC: 
 exercises.c | 3 +--
 1 file changed, 1 insertion(+), 2 deletions(-)
 tests:  5|1
total_score: 50/70
3c4c76d
Fri 22 Mar 2024 10:00:26 PM UTC: 
 exercises.c | 2 +-
 1 file changed, 1 insertion(+), 1 deletion(-)
In file included from test.c:5:
exercises.c: In function ‘parentesisBalanceados’:
exercises.c:128:20: error: passing argument 2 of ‘push’ makes pointer from integer without a cast [-Werror=int-conversion]
  128 |         push(pila, caracter);
      |                    ^~~~~~~~
      |                    |
      |                    char
In file included from exercises.c:7,
                 from test.c:5:
stack.h:11:31: note: expected ‘void *’ but argument is of type ‘char’
   11 | void push(Stack *stack, void *data) { pushFront(stack, data); }
      |                         ~~~~~~^~~~
cc1: all warnings being treated as errors
Compilation failed
48ce1fe
Fri 22 Mar 2024 10:07:25 PM UTC: 
 exercises.c | 48 +++++++++++++++++++++++++++++-------------------
 1 file changed, 29 insertions(+), 19 deletions(-)
In file included from test.c:5:
exercises.c: In function ‘parentesisBalanceados’:
exercises.c:121:3: error: variable ‘stack’ has initializer but incomplete type
  121 |   Stack stack = create_stack();
      |   ^~~~~
exercises.c:121:9: error: storage size of ‘stack’ isn’t known
  121 |   Stack stack = create_stack();
      |         ^~~~~
exercises.c:124:16: error: subscripted value is neither array nor pointer nor vector
  124 |   while (cadena[contador] != '\0')
      |                ^
exercises.c:126:18: error: subscripted value is neither array nor pointer nor vector
  126 |       if ((cadena[contador] == '(')  (cadena[contador] == '{')  (cadena[contador] == '['))
      |                  ^
exercises.c:126:45: error: subscripted value is neither array nor pointer nor vector
  126 |       if ((cadena[contador] == '(')  (cadena[contador] == '{')  (cadena[contador] == '['))
      |                                             ^
exercises.c:126:72: error: subscripted value is neither array nor pointer nor vector
  126 |       if ((cadena[contador] == '(')  (cadena[contador] == '{')  (cadena[contador] == '['))
      |                                                                        ^
exercises.c:128:28: error: subscripted value is neither array nor pointer nor vector
  128 |         push(stack, &cadena[contador]);
      |                            ^
exercises.c:130:23: error: subscripted value is neither array nor pointer nor vector
  130 |       else if ((cadena[contador] == ')')  (cadena[contador] == '}')  (cadena[contador] == ']'))
      |                       ^
exercises.c:130:50: error: subscripted value is neither array nor pointer nor vector
  130 |       else if ((cadena[contador] == ')')  (cadena[contador] == '}')  (cadena[contador] == ']'))
      |                                                  ^
exercises.c:130:77: error: subscripted value is neither array nor pointer nor vector
  130 |       else if ((cadena[contador] == ')')  (cadena[contador] == '}')  (cadena[contador] == ']'))
      |                                                                             ^
exercises.c:139:22: error: subscripted value is neither array nor pointer nor vector
  139 |           if ((cadena[contador] == ')' && caracter == '('))
      |                      ^
exercises.c:139:52: error: comparison between pointer and integer [-Werror]
  139 |           if ((cadena[contador] == ')' && caracter == '('))
      |                                                    ^~
exercises.c:143:27: error: subscripted value is neither array nor pointer nor vector
  143 |           else if ((cadena[contador] == '}' &&caracter == '{'))
      |                           ^
exercises.c:143:56: error: comparison between pointer and integer [-Werror]
  143 |           else if ((cadena[contador] == '}' &&caracter == '{'))
      |                                                        ^~
exercises.c:147:27: error: subscripted value is neither array nor pointer nor vector
  147 |           else if ((cadena[contador] == ']' && *caracter == '['))
      |                           ^
exercises.c:121:9: error: unused variable ‘stack’ [-Werror=unused-variable]
  121 |   Stack stack = create_stack();
      |         ^~~~~
test.c: In function ‘test_parentesis_balanceados’:
test.c:217:31: error: passing argument 1 of ‘parentesisBalanceados’ makes integer from pointer without a cast [-Werror=int-conversion]
  217 |     if(!parentesisBalanceados(s)){
      |                               ^
      |                               |
      |                               char *
In file included from test.c:5:
exercises.c:119:32: note: expected ‘char’ but argument is of type ‘char *’
  119 | int parentesisBalanceados(char cadena)
      |                           ~~~~~^~~~~~
test.c:225:30: error: passing argument 1 of ‘parentesisBalanceados’ makes integer from pointer without a cast [-Werror=int-conversion]
  225 |     if(parentesisBalanceados(s)){
      |                              ^
      |                              |
      |                              char *
In file included from test.c:5:
exercises.c:119:32: note: expected ‘char’ but argument is of type ‘char *’
  119 | int parentesisBalanceados(char cadena)
      |                           ~~~~~^~~~~~
test.c:233:31: error: passing argument 1 of ‘parentesisBalanceados’ makes integer from pointer without a cast [-Werror=int-conversion]
  233 |     if(!parentesisBalanceados(s)){
      |                               ^
      |                               |
      |                               char *
In file included from test.c:5:
exercises.c:119:32: note: expected ‘char’ but argument is of type ‘char *’
  119 | int parentesisBalanceados(char cadena)
      |                           ~~~~~^~~~~~
test.c:241:30: error: passing argument 1 of ‘parentesisBalanceados’ makes integer from pointer without a cast [-Werror=int-conversion]
  241 |     if(parentesisBalanceados(s)){
      |                              ^
      |                              |
      |                              char *
In file included from test.c:5:
exercises.c:119:32: note: expected ‘char’ but argument is of type ‘char *’
  119 | int parentesisBalanceados(char cadena)
      |                           ~~~~~^~~~~~
cc1: all warnings being treated as errors
Compilation failed
ffc9051
Fri 22 Mar 2024 10:12:51 PM UTC: 
 exercises.c | 30 +++++++++++-------------------
 1 file changed, 11 insertions(+), 19 deletions(-)
In file included from test.c:5:
exercises.c: In function ‘parentesisBalanceados’:
exercises.c:121:5: error: variable ‘stack’ has initializer but incomplete type
  121 |     Stack stack = create_stack();
      |     ^~~~~
exercises.c:121:11: error: storage size of ‘stack’ isn’t known
  121 |     Stack stack = create_stack();
      |           ^~~~~
exercises.c:128:31: error: passing argument 2 of ‘push’ makes pointer from integer without a cast [-Werror=int-conversion]
  128 |             push(stack, cadena[contador]);
      |                         ~~~~~~^~~~~~~~~~
      |                               |
      |                               char
In file included from exercises.c:7,
                 from test.c:5:
stack.h:11:31: note: expected ‘void *’ but argument is of type ‘char’
   11 | void push(Stack *stack, void *data) { pushFront(stack, data); }
      |                         ~~~~~~^~~~
In file included from test.c:5:
exercises.c:121:11: error: unused variable ‘stack’ [-Werror=unused-variable]
  121 |     Stack stack = create_stack();
      |           ^~~~~
exercises.c:152:1: error: control reaches end of non-void function [-Werror=return-type]
  152 | }
      | ^
cc1: all warnings being treated as errors
Compilation failed
368fda9
Fri 22 Mar 2024 10:15:28 PM UTC: 
 exercises.c | 30 +++++++++++++++++++-----------
 1 file changed, 19 insertions(+), 11 deletions(-)
In file included from test.c:5:
exercises.c: In function ‘parentesisBalanceados’:
exercises.c:126:90: error: expected ‘)’ before ‘{’ token
  126 |       if (cadena[contador] == '(' || (cadena[contador] == '{' || cadena[contador] == '[')
      |          ~                                                                               ^
      |                                                                                          )
  127 |       {
      |       ~                                                                                   
exercises.c:160:1: error: expected expression before ‘}’ token
  160 | }
      | ^
In file included from test.c:6:
arraylist.c: In function ‘create_list’:
arraylist.c:15:34: error: invalid application of ‘sizeof’ to incomplete type ‘List’
   15 |   List* L = (List*)malloc(sizeof(List));
      |                                  ^~~~
arraylist.c:16:4: error: invalid use of incomplete typedef ‘List’
   16 |   L->current = 0;
      |    ^~
arraylist.c:17:4: error: invalid use of incomplete typedef ‘List’
   17 |   L->size = 0;
      |    ^~
arraylist.c: In function ‘first’:
arraylist.c:22:7: error: invalid use of incomplete typedef ‘List’
   22 |   if(L->size == 0) {
      |       ^~
arraylist.c:25:4: error: invalid use of incomplete typedef ‘List’
   25 |   L->current = 0;
      |    ^~
arraylist.c:26:11: error: invalid use of incomplete typedef ‘List’
   26 |   return L->data[L->current];
      |           ^~
arraylist.c:26:19: error: invalid use of incomplete typedef ‘List’
   26 |   return L->data[L->current];
      |                   ^~
arraylist.c: In function ‘next’:
arraylist.c:30:7: error: invalid use of incomplete typedef ‘List’
   30 |   if(L->current < L->size - 1) {
      |       ^~
arraylist.c:30:20: error: invalid use of incomplete typedef ‘List’
   30 |   if(L->current < L->size - 1) {
      |                    ^~
arraylist.c:31:6: error: invalid use of incomplete typedef ‘List’
   31 |     L->current++;
      |      ^~
arraylist.c:32:13: error: invalid use of incomplete typedef ‘List’
   32 |     return L->data[L->current];
      |             ^~
arraylist.c:32:21: error: invalid use of incomplete typedef ‘List’
   32 |     return L->data[L->current];
      |                     ^~
arraylist.c: In function ‘pushFront’:
arraylist.c:38:7: error: invalid use of incomplete typedef ‘List’
   38 |   if(L->size == 0) {
      |       ^~
arraylist.c:39:6: error: invalid use of incomplete typedef ‘List’
   39 |     L->data[0] = dato;
      |      ^~
arraylist.c:40:6: error: invalid use of incomplete typedef ‘List’
   40 |     L->size++;
      |      ^~
arraylist.c:43:16: error: invalid use of incomplete typedef ‘List’
   43 |   for(int i = L->size; i > 0; i--) {
      |                ^~
arraylist.c:44:6: error: invalid use of incomplete typedef ‘List’
   44 |     L->data[i] = L->data[i - 1];
      |      ^~
arraylist.c:44:19: error: invalid use of incomplete typedef ‘List’
   44 |     L->data[i] = L->data[i - 1];
      |                   ^~
arraylist.c:46:4: error: invalid use of incomplete typedef ‘List’
   46 |   L->data[0] = dato;
      |    ^~
arraylist.c:47:4: error: invalid use of incomplete typedef ‘List’
   47 |   L->size++;
      |    ^~
arraylist.c: In function ‘pushBack’:
arraylist.c:51:4: error: invalid use of incomplete typedef ‘List’
   51 |   L->data[L->size] = dato;
      |    ^~
arraylist.c:51:12: error: invalid use of incomplete typedef ‘List’
   51 |   L->data[L->size] = dato;
      |            ^~
arraylist.c:52:4: error: invalid use of incomplete typedef ‘List’
   52 |   L->size++;
      |    ^~
arraylist.c: In function ‘pushCurrent’:
arraylist.c:56:7: error: invalid use of incomplete typedef ‘List’
   56 |   if(L->size == 0) {
      |       ^~
arraylist.c:57:6: error: invalid use of incomplete typedef ‘List’
   57 |     L->data[0] = dato;
      |      ^~
arraylist.c:58:6: error: invalid use of incomplete typedef ‘List’
   58 |     L->size++;
      |      ^~
arraylist.c:61:16: error: invalid use of incomplete typedef ‘List’
   61 |   for(int i = L->size; i > L->current; i--) {
      |                ^~
arraylist.c:61:29: error: invalid use of incomplete typedef ‘List’
   61 |   for(int i = L->size; i > L->current; i--) {
      |                             ^~
arraylist.c:62:6: error: invalid use of incomplete typedef ‘List’
   62 |     L->data[i] = L->data[i - 1];
      |      ^~
arraylist.c:62:19: error: invalid use of incomplete typedef ‘List’
   62 |     L->data[i] = L->data[i - 1];
      |                   ^~
arraylist.c:64:4: error: invalid use of incomplete typedef ‘List’
   64 |   L->data[L->current + 1] = dato;
      |    ^~
arraylist.c:64:12: error: invalid use of incomplete typedef ‘List’
   64 |   L->data[L->current + 1] = dato;
      |            ^~
arraylist.c:65:4: error: invalid use of incomplete typedef ‘List’
   65 |   L->size++;
      |    ^~
arraylist.c: In function ‘popFront’:
arraylist.c:69:7: error: invalid use of incomplete typedef ‘List’
   69 |   if(L->size == 0) {
      |       ^~
arraylist.c:72:17: error: invalid use of incomplete typedef ‘List’
   72 |   void* dato = L->data[0];
      |                 ^~
arraylist.c:73:23: error: invalid use of incomplete typedef ‘List’
   73 |   for(int i = 0; i < L->size - 1; i++) {
      |                       ^~
arraylist.c:74:6: error: invalid use of incomplete typedef ‘List’
   74 |     L->data[i] = L->data[i + 1];
      |      ^~
arraylist.c:74:19: error: invalid use of incomplete typedef ‘List’
   74 |     L->data[i] = L->data[i + 1];
      |                   ^~
arraylist.c:76:4: error: invalid use of incomplete typedef ‘List’
   76 |   L->size--;
      |    ^~
arraylist.c: In function ‘popBack’:
arraylist.c:81:7: error: invalid use of incomplete typedef ‘List’
   81 |   if(L->size == 0) {
      |       ^~
arraylist.c:84:17: error: invalid use of incomplete typedef ‘List’
   84 |   void* dato = L->data[L->size - 1];
      |                 ^~
arraylist.c:84:25: error: invalid use of incomplete typedef ‘List’
   84 |   void* dato = L->data[L->size - 1];
      |                         ^~
arraylist.c:85:4: error: invalid use of incomplete typedef ‘List’
   85 |   L->size--;
      |    ^~
arraylist.c: In function ‘popCurrent’:
arraylist.c:90:7: error: invalid use of incomplete typedef ‘List’
   90 |   if(L->size == 0) {
      |       ^~
arraylist.c:93:17: error: invalid use of incomplete typedef ‘List’
   93 |   void* dato = L->data[L->current];
      |                 ^~
arraylist.c:93:25: error: invalid use of incomplete typedef ‘List’
   93 |   void* dato = L->data[L->current];
      |                         ^~
arraylist.c:94:16: error: invalid use of incomplete typedef ‘List’
   94 |   for(int i = L->current; i < L->size - 1; i++) {
      |                ^~
arraylist.c:94:32: error: invalid use of incomplete typedef ‘List’
   94 |   for(int i = L->current; i < L->size - 1; i++) {
      |                                ^~
arraylist.c:95:6: error: invalid use of incomplete typedef ‘List’
   95 |     L->data[i] = L->data[i + 1];
      |      ^~
arraylist.c:95:19: error: invalid use of incomplete typedef ‘List’
   95 |     L->data[i] = L->data[i + 1];
      |                   ^~
arraylist.c:97:4: error: invalid use of incomplete typedef ‘List’
   97 |   L->size--;
      |    ^~
arraylist.c:98:4: error: invalid use of incomplete typedef ‘List’
   98 |   L->current--;
      |    ^~
arraylist.c: In function ‘get_size’:
arraylist.c:103:11: error: invalid use of incomplete typedef ‘List’
  103 |   return L->size;
      |           ^~
test.c: In function ‘parentesisBalanceados’:
test.c:253:5: error: ‘main’ is normally a non-static function [-Werror=main]
  253 | int main( int argc, char *argv[] ) {
      |     ^~~~
test.c:271:1: error: expected declaration or statement at end of input
  271 | }
      | ^
In file included from test.c:5:
exercises.c:121:10: error: unused variable ‘stack’ [-Werror=unused-variable]
  121 |   Stack* stack = create_stack();
      |          ^~~~~
test.c:272: error: control reaches end of non-void function [-Werror=return-type]
In file included from test.c:6:
arraylist.c: In function ‘first’:
arraylist.c:27:1: error: control reaches end of non-void function [-Werror=return-type]
   27 | }
      | ^
At top level:
test.c:253:5: error: ‘main’ defined but not used [-Werror=unused-function]
  253 | int main( int argc, char *argv[] ) {
      |     ^~~~
test.c:37:6: error: ‘info_msg’ defined but not used [-Werror=unused-function]
   37 | void info_msg(char* msg){
      |      ^~~~~~~~
In file included from test.c:6:
arraylist.c:102:5: error: ‘get_size’ defined but not used [-Werror=unused-function]
  102 | int get_size(List *L) {
      |     ^~~~~~~~
arraylist.c:89:7: error: ‘popCurrent’ defined but not used [-Werror=unused-function]
   89 | void* popCurrent(List *L) {
      |       ^~~~~~~~~~
arraylist.c:80:7: error: ‘popBack’ defined but not used [-Werror=unused-function]
   80 | void* popBack(List *L) {
      |       ^~~~~~~
arraylist.c:68:7: error: ‘popFront’ defined but not used [-Werror=unused-function]
   68 | void* popFront(List *L) {
      |       ^~~~~~~~
arraylist.c:55:6: error: ‘pushCurrent’ defined but not used [-Werror=unused-function]
   55 | void pushCurrent(List *L, void *dato) {
      |      ^~~~~~~~~~~
arraylist.c:37:6: error: ‘pushFront’ defined but not used [-Werror=unused-function]
   37 | void pushFront(List *L, void *dato) {
      |      ^~~~~~~~~
cc1: all warnings being treated as errors
Compilation failed
7895381
